/u/s/i/sinclair/courses/cs552/spring2020/handouts/testprograms/public/rand_simple/t_1_add.asm SUCCESS CPI:5.1 CYCLES:169 ICOUNT:33 IHITRATE: 0 DHITRATE: 0
/u/s/i/sinclair/courses/cs552/spring2020/handouts/testprograms/public/rand_simple/t_1_addi.asm SUCCESS CPI:5.1 CYCLES:169 ICOUNT:33 IHITRATE: 0 DHITRATE: 0
/u/s/i/sinclair/courses/cs552/spring2020/handouts/testprograms/public/rand_simple/t_1_andn.asm SUCCESS CPI:5.1 CYCLES:169 ICOUNT:33 IHITRATE: 0 DHITRATE: 0
/u/s/i/sinclair/courses/cs552/spring2020/handouts/testprograms/public/rand_simple/t_1_andni.asm SUCCESS CPI:5.1 CYCLES:169 ICOUNT:33 IHITRATE: 0 DHITRATE: 0
/u/s/i/sinclair/courses/cs552/spring2020/handouts/testprograms/public/rand_simple/t_1_beqz.asm SUCCESS CPI:78.5 CYCLES:1492 ICOUNT:19 IHITRATE: 0 DHITRATE: 0
/u/s/i/sinclair/courses/cs552/spring2020/handouts/testprograms/public/rand_simple/t_1_bgez.asm SUCCESS CPI:57.0 CYCLES:1084 ICOUNT:19 IHITRATE: 0 DHITRATE: 0
/u/s/i/sinclair/courses/cs552/spring2020/handouts/testprograms/public/rand_simple/t_1_bltz.asm SUCCESS CPI:74.1 CYCLES:1409 ICOUNT:19 IHITRATE: 0 DHITRATE: 0
/u/s/i/sinclair/courses/cs552/spring2020/handouts/testprograms/public/rand_simple/t_1_bnez.asm SUCCESS CPI:62.0 CYCLES:1179 ICOUNT:19 IHITRATE: 0 DHITRATE: 0
/u/s/i/sinclair/courses/cs552/spring2020/handouts/testprograms/public/rand_simple/t_1_btr.asm SUCCESS CPI:7.4 CYCLES:245 ICOUNT:33 IHITRATE: 0 DHITRATE: 0
/u/s/i/sinclair/courses/cs552/spring2020/handouts/testprograms/public/rand_simple/t_1_j.asm SUCCESS CPI:257.4 CYCLES:260 ICOUNT:1 IHITRATE: 0 DHITRATE: 0
/u/s/i/sinclair/courses/cs552/spring2020/handouts/testprograms/public/rand_simple/t_1_jal.asm SUCCESS CPI:13.6 CYCLES:232 ICOUNT:17 IHITRATE: 0 DHITRATE: 0
/u/s/i/sinclair/courses/cs552/spring2020/handouts/testprograms/public/rand_simple/t_1_jalr.asm SUCCESS CPI:11.4 CYCLES:743 ICOUNT:65 IHITRATE: 0 DHITRATE: 0
/u/s/i/sinclair/courses/cs552/spring2020/handouts/testprograms/public/rand_simple/t_1_jr.asm SUCCESS CPI:11.4 CYCLES:743 ICOUNT:65 IHITRATE: 0 DHITRATE: 0
/u/s/i/sinclair/courses/cs552/spring2020/handouts/testprograms/public/rand_simple/t_1_lbi.asm SUCCESS CPI:5.1 CYCLES:169 ICOUNT:33 IHITRATE: 0 DHITRATE: 0
/u/s/i/sinclair/courses/cs552/spring2020/handouts/testprograms/public/rand_simple/t_1_ld.asm SUCCESS CPI:6.4 CYCLES:314 ICOUNT:49 IHITRATE: 0 DHITRATE: 0
/u/s/i/sinclair/courses/cs552/spring2020/handouts/testprograms/public/rand_simple/t_1_rol.asm SUCCESS CPI:5.1 CYCLES:169 ICOUNT:33 IHITRATE: 0 DHITRATE: 0
/u/s/i/sinclair/courses/cs552/spring2020/handouts/testprograms/public/rand_simple/t_1_roli.asm SUCCESS CPI:5.1 CYCLES:169 ICOUNT:33 IHITRATE: 0 DHITRATE: 0
/u/s/i/sinclair/courses/cs552/spring2020/handouts/testprograms/public/rand_simple/t_1_ror.asm SUCCESS CPI:5.1 CYCLES:169 ICOUNT:33 IHITRATE: 0 DHITRATE: 0
/u/s/i/sinclair/courses/cs552/spring2020/handouts/testprograms/public/rand_simple/t_1_rori.asm SUCCESS CPI:5.1 CYCLES:169 ICOUNT:33 IHITRATE: 0 DHITRATE: 0
/u/s/i/sinclair/courses/cs552/spring2020/handouts/testprograms/public/rand_simple/t_1_sco.asm SUCCESS CPI:5.1 CYCLES:169 ICOUNT:33 IHITRATE: 0 DHITRATE: 0
/u/s/i/sinclair/courses/cs552/spring2020/handouts/testprograms/public/rand_simple/t_1_seq.asm SUCCESS CPI:5.1 CYCLES:169 ICOUNT:33 IHITRATE: 0 DHITRATE: 0
/u/s/i/sinclair/courses/cs552/spring2020/handouts/testprograms/public/rand_simple/t_1_slbi.asm SUCCESS CPI:5.1 CYCLES:169 ICOUNT:33 IHITRATE: 0 DHITRATE: 0
/u/s/i/sinclair/courses/cs552/spring2020/handouts/testprograms/public/rand_simple/t_1_sle.asm SUCCESS CPI:5.1 CYCLES:169 ICOUNT:33 IHITRATE: 0 DHITRATE: 0
/u/s/i/sinclair/courses/cs552/spring2020/handouts/testprograms/public/rand_simple/t_1_sll.asm SUCCESS CPI:5.1 CYCLES:169 ICOUNT:33 IHITRATE: 0 DHITRATE: 0
/u/s/i/sinclair/courses/cs552/spring2020/handouts/testprograms/public/rand_simple/t_1_slli.asm SUCCESS CPI:5.1 CYCLES:169 ICOUNT:33 IHITRATE: 0 DHITRATE: 0
/u/s/i/sinclair/courses/cs552/spring2020/handouts/testprograms/public/rand_simple/t_1_slt.asm SUCCESS CPI:5.1 CYCLES:169 ICOUNT:33 IHITRATE: 0 DHITRATE: 0
/u/s/i/sinclair/courses/cs552/spring2020/handouts/testprograms/public/rand_simple/t_1_srl.asm SUCCESS CPI:5.1 CYCLES:169 ICOUNT:33 IHITRATE: 0 DHITRATE: 0
/u/s/i/sinclair/courses/cs552/spring2020/handouts/testprograms/public/rand_simple/t_1_srli.asm SUCCESS CPI:5.1 CYCLES:169 ICOUNT:33 IHITRATE: 0 DHITRATE: 0
/u/s/i/sinclair/courses/cs552/spring2020/handouts/testprograms/public/rand_simple/t_1_st.asm SUCCESS CPI:6.8 CYCLES:332 ICOUNT:49 IHITRATE: 0 DHITRATE: 0
/u/s/i/sinclair/courses/cs552/spring2020/handouts/testprograms/public/rand_simple/t_1_stu.asm SUCCESS CPI:5.5 CYCLES:356 ICOUNT:65 IHITRATE: 0 DHITRATE: 0
/u/s/i/sinclair/courses/cs552/spring2020/handouts/testprograms/public/rand_simple/t_1_sub.asm SUCCESS CPI:5.1 CYCLES:169 ICOUNT:33 IHITRATE: 0 DHITRATE: 0
/u/s/i/sinclair/courses/cs552/spring2020/handouts/testprograms/public/rand_simple/t_1_subi.asm SUCCESS CPI:5.1 CYCLES:169 ICOUNT:33 IHITRATE: 0 DHITRATE: 0
/u/s/i/sinclair/courses/cs552/spring2020/handouts/testprograms/public/rand_simple/t_1_xor.asm SUCCESS CPI:5.1 CYCLES:169 ICOUNT:33 IHITRATE: 0 DHITRATE: 0
/u/s/i/sinclair/courses/cs552/spring2020/handouts/testprograms/public/rand_simple/t_1_xori.asm SUCCESS CPI:5.1 CYCLES:169 ICOUNT:33 IHITRATE: 0 DHITRATE: 0
/u/s/i/sinclair/courses/cs552/spring2020/handouts/testprograms/public/rand_simple/t_2_add.asm SUCCESS CPI:5.1 CYCLES:169 ICOUNT:33 IHITRATE: 0 DHITRATE: 0
/u/s/i/sinclair/courses/cs552/spring2020/handouts/testprograms/public/rand_simple/t_2_addi.asm SUCCESS CPI:5.1 CYCLES:169 ICOUNT:33 IHITRATE: 0 DHITRATE: 0
/u/s/i/sinclair/courses/cs552/spring2020/handouts/testprograms/public/rand_simple/t_2_andn.asm SUCCESS CPI:5.1 CYCLES:169 ICOUNT:33 IHITRATE: 0 DHITRATE: 0
/u/s/i/sinclair/courses/cs552/spring2020/handouts/testprograms/public/rand_simple/t_2_andni.asm SUCCESS CPI:5.1 CYCLES:169 ICOUNT:33 IHITRATE: 0 DHITRATE: 0
/u/s/i/sinclair/courses/cs552/spring2020/handouts/testprograms/public/rand_simple/t_2_beqz.asm SUCCESS CPI:74.1 CYCLES:1409 ICOUNT:19 IHITRATE: 0 DHITRATE: 0
/u/s/i/sinclair/courses/cs552/spring2020/handouts/testprograms/public/rand_simple/t_2_bgez.asm SUCCESS CPI:61.4 CYCLES:1168 ICOUNT:19 IHITRATE: 0 DHITRATE: 0
/u/s/i/sinclair/courses/cs552/spring2020/handouts/testprograms/public/rand_simple/t_2_bltz.asm SUCCESS CPI:65.1 CYCLES:1238 ICOUNT:19 IHITRATE: 0 DHITRATE: 0
/u/s/i/sinclair/courses/cs552/spring2020/handouts/testprograms/public/rand_simple/t_2_bnez.asm SUCCESS CPI:63.5 CYCLES:1207 ICOUNT:19 IHITRATE: 0 DHITRATE: 0
/u/s/i/sinclair/courses/cs552/spring2020/handouts/testprograms/public/rand_simple/t_2_btr.asm SUCCESS CPI:7.4 CYCLES:245 ICOUNT:33 IHITRATE: 0 DHITRATE: 0
/u/s/i/sinclair/courses/cs552/spring2020/handouts/testprograms/public/rand_simple/t_2_j.asm SUCCESS CPI:250.5 CYCLES:253 ICOUNT:1 IHITRATE: 0 DHITRATE: 0
/u/s/i/sinclair/courses/cs552/spring2020/handouts/testprograms/public/rand_simple/t_2_jal.asm SUCCESS CPI:14.9 CYCLES:253 ICOUNT:17 IHITRATE: 0 DHITRATE: 0
/u/s/i/sinclair/courses/cs552/spring2020/handouts/testprograms/public/rand_simple/t_2_jalr.asm SUCCESS CPI:11.5 CYCLES:750 ICOUNT:65 IHITRATE: 0 DHITRATE: 0
/u/s/i/sinclair/courses/cs552/spring2020/handouts/testprograms/public/rand_simple/t_2_jr.asm SUCCESS CPI:11.5 CYCLES:750 ICOUNT:65 IHITRATE: 0 DHITRATE: 0
/u/s/i/sinclair/courses/cs552/spring2020/handouts/testprograms/public/rand_simple/t_2_lbi.asm SUCCESS CPI:5.1 CYCLES:169 ICOUNT:33 IHITRATE: 0 DHITRATE: 0
/u/s/i/sinclair/courses/cs552/spring2020/handouts/testprograms/public/rand_simple/t_2_ld.asm SUCCESS CPI:6.4 CYCLES:314 ICOUNT:49 IHITRATE: 0 DHITRATE: 0
/u/s/i/sinclair/courses/cs552/spring2020/handouts/testprograms/public/rand_simple/t_2_rol.asm SUCCESS CPI:5.1 CYCLES:169 ICOUNT:33 IHITRATE: 0 DHITRATE: 0
/u/s/i/sinclair/courses/cs552/spring2020/handouts/testprograms/public/rand_simple/t_2_roli.asm SUCCESS CPI:5.1 CYCLES:169 ICOUNT:33 IHITRATE: 0 DHITRATE: 0
/u/s/i/sinclair/courses/cs552/spring2020/handouts/testprograms/public/rand_simple/t_2_ror.asm SUCCESS CPI:5.1 CYCLES:169 ICOUNT:33 IHITRATE: 0 DHITRATE: 0
/u/s/i/sinclair/courses/cs552/spring2020/handouts/testprograms/public/rand_simple/t_2_rori.asm SUCCESS CPI:5.1 CYCLES:169 ICOUNT:33 IHITRATE: 0 DHITRATE: 0
/u/s/i/sinclair/courses/cs552/spring2020/handouts/testprograms/public/rand_simple/t_2_sco.asm SUCCESS CPI:5.1 CYCLES:169 ICOUNT:33 IHITRATE: 0 DHITRATE: 0
/u/s/i/sinclair/courses/cs552/spring2020/handouts/testprograms/public/rand_simple/t_2_seq.asm SUCCESS CPI:5.1 CYCLES:169 ICOUNT:33 IHITRATE: 0 DHITRATE: 0
/u/s/i/sinclair/courses/cs552/spring2020/handouts/testprograms/public/rand_simple/t_2_slbi.asm SUCCESS CPI:5.1 CYCLES:169 ICOUNT:33 IHITRATE: 0 DHITRATE: 0
/u/s/i/sinclair/courses/cs552/spring2020/handouts/testprograms/public/rand_simple/t_2_sle.asm SUCCESS CPI:5.1 CYCLES:169 ICOUNT:33 IHITRATE: 0 DHITRATE: 0
/u/s/i/sinclair/courses/cs552/spring2020/handouts/testprograms/public/rand_simple/t_2_sll.asm SUCCESS CPI:5.1 CYCLES:169 ICOUNT:33 IHITRATE: 0 DHITRATE: 0
/u/s/i/sinclair/courses/cs552/spring2020/handouts/testprograms/public/rand_simple/t_2_slli.asm SUCCESS CPI:5.1 CYCLES:169 ICOUNT:33 IHITRATE: 0 DHITRATE: 0
/u/s/i/sinclair/courses/cs552/spring2020/handouts/testprograms/public/rand_simple/t_2_slt.asm SUCCESS CPI:5.1 CYCLES:169 ICOUNT:33 IHITRATE: 0 DHITRATE: 0
/u/s/i/sinclair/courses/cs552/spring2020/handouts/testprograms/public/rand_simple/t_2_srl.asm SUCCESS CPI:5.1 CYCLES:169 ICOUNT:33 IHITRATE: 0 DHITRATE: 0
/u/s/i/sinclair/courses/cs552/spring2020/handouts/testprograms/public/rand_simple/t_2_srli.asm SUCCESS CPI:5.1 CYCLES:169 ICOUNT:33 IHITRATE: 0 DHITRATE: 0
/u/s/i/sinclair/courses/cs552/spring2020/handouts/testprograms/public/rand_simple/t_2_st.asm SUCCESS CPI:6.7 CYCLES:329 ICOUNT:49 IHITRATE: 0 DHITRATE: 0
/u/s/i/sinclair/courses/cs552/spring2020/handouts/testprograms/public/rand_simple/t_2_stu.asm SUCCESS CPI:5.4 CYCLES:350 ICOUNT:65 IHITRATE: 0 DHITRATE: 0
/u/s/i/sinclair/courses/cs552/spring2020/handouts/testprograms/public/rand_simple/t_2_sub.asm SUCCESS CPI:5.1 CYCLES:169 ICOUNT:33 IHITRATE: 0 DHITRATE: 0
/u/s/i/sinclair/courses/cs552/spring2020/handouts/testprograms/public/rand_simple/t_2_subi.asm SUCCESS CPI:5.1 CYCLES:169 ICOUNT:33 IHITRATE: 0 DHITRATE: 0
/u/s/i/sinclair/courses/cs552/spring2020/handouts/testprograms/public/rand_simple/t_2_xor.asm SUCCESS CPI:5.1 CYCLES:169 ICOUNT:33 IHITRATE: 0 DHITRATE: 0
/u/s/i/sinclair/courses/cs552/spring2020/handouts/testprograms/public/rand_simple/t_2_xori.asm SUCCESS CPI:5.1 CYCLES:169 ICOUNT:33 IHITRATE: 0 DHITRATE: 0
/u/s/i/sinclair/courses/cs552/spring2020/handouts/testprograms/public/rand_simple/t_3_add.asm SUCCESS CPI:5.1 CYCLES:169 ICOUNT:33 IHITRATE: 0 DHITRATE: 0
/u/s/i/sinclair/courses/cs552/spring2020/handouts/testprograms/public/rand_simple/t_3_addi.asm SUCCESS CPI:5.1 CYCLES:169 ICOUNT:33 IHITRATE: 0 DHITRATE: 0
/u/s/i/sinclair/courses/cs552/spring2020/handouts/testprograms/public/rand_simple/t_3_andn.asm SUCCESS CPI:5.1 CYCLES:169 ICOUNT:33 IHITRATE: 0 DHITRATE: 0
/u/s/i/sinclair/courses/cs552/spring2020/handouts/testprograms/public/rand_simple/t_3_andni.asm SUCCESS CPI:5.1 CYCLES:169 ICOUNT:33 IHITRATE: 0 DHITRATE: 0
/u/s/i/sinclair/courses/cs552/spring2020/handouts/testprograms/public/rand_simple/t_3_beqz.asm SUCCESS CPI:78.7 CYCLES:1497 ICOUNT:19 IHITRATE: 0 DHITRATE: 0
/u/s/i/sinclair/courses/cs552/spring2020/handouts/testprograms/public/rand_simple/t_3_bgez.asm SUCCESS CPI:52.7 CYCLES:1002 ICOUNT:19 IHITRATE: 0 DHITRATE: 0
/u/s/i/sinclair/courses/cs552/spring2020/handouts/testprograms/public/rand_simple/t_3_bltz.asm SUCCESS CPI:44.9 CYCLES:854 ICOUNT:19 IHITRATE: 0 DHITRATE: 0
/u/s/i/sinclair/courses/cs552/spring2020/handouts/testprograms/public/rand_simple/t_3_bnez.asm SUCCESS CPI:54.7 CYCLES:1040 ICOUNT:19 IHITRATE: 0 DHITRATE: 0
/u/s/i/sinclair/courses/cs552/spring2020/handouts/testprograms/public/rand_simple/t_3_btr.asm SUCCESS CPI:7.4 CYCLES:245 ICOUNT:33 IHITRATE: 0 DHITRATE: 0
/u/s/i/sinclair/courses/cs552/spring2020/handouts/testprograms/public/rand_simple/t_3_j.asm SUCCESS CPI:222.8 CYCLES:225 ICOUNT:1 IHITRATE: 0 DHITRATE: 0
/u/s/i/sinclair/courses/cs552/spring2020/handouts/testprograms/public/rand_simple/t_3_jal.asm SUCCESS CPI:12.4 CYCLES:211 ICOUNT:17 IHITRATE: 0 DHITRATE: 0
/u/s/i/sinclair/courses/cs552/spring2020/handouts/testprograms/public/rand_simple/t_3_jalr.asm SUCCESS CPI:11.5 CYCLES:750 ICOUNT:65 IHITRATE: 0 DHITRATE: 0
/u/s/i/sinclair/courses/cs552/spring2020/handouts/testprograms/public/rand_simple/t_3_jr.asm SUCCESS CPI:11.1 CYCLES:722 ICOUNT:65 IHITRATE: 0 DHITRATE: 0
/u/s/i/sinclair/courses/cs552/spring2020/handouts/testprograms/public/rand_simple/t_3_lbi.asm SUCCESS CPI:5.1 CYCLES:169 ICOUNT:33 IHITRATE: 0 DHITRATE: 0
/u/s/i/sinclair/courses/cs552/spring2020/handouts/testprograms/public/rand_simple/t_3_ld.asm SUCCESS CPI:6.4 CYCLES:314 ICOUNT:49 IHITRATE: 0 DHITRATE: 0
/u/s/i/sinclair/courses/cs552/spring2020/handouts/testprograms/public/rand_simple/t_3_rol.asm SUCCESS CPI:5.1 CYCLES:169 ICOUNT:33 IHITRATE: 0 DHITRATE: 0
/u/s/i/sinclair/courses/cs552/spring2020/handouts/testprograms/public/rand_simple/t_3_roli.asm SUCCESS CPI:5.1 CYCLES:169 ICOUNT:33 IHITRATE: 0 DHITRATE: 0
/u/s/i/sinclair/courses/cs552/spring2020/handouts/testprograms/public/rand_simple/t_3_ror.asm SUCCESS CPI:5.1 CYCLES:169 ICOUNT:33 IHITRATE: 0 DHITRATE: 0
/u/s/i/sinclair/courses/cs552/spring2020/handouts/testprograms/public/rand_simple/t_3_rori.asm SUCCESS CPI:5.1 CYCLES:169 ICOUNT:33 IHITRATE: 0 DHITRATE: 0
/u/s/i/sinclair/courses/cs552/spring2020/handouts/testprograms/public/rand_simple/t_3_sco.asm SUCCESS CPI:5.1 CYCLES:169 ICOUNT:33 IHITRATE: 0 DHITRATE: 0
/u/s/i/sinclair/courses/cs552/spring2020/handouts/testprograms/public/rand_simple/t_3_seq.asm SUCCESS CPI:5.1 CYCLES:169 ICOUNT:33 IHITRATE: 0 DHITRATE: 0
/u/s/i/sinclair/courses/cs552/spring2020/handouts/testprograms/public/rand_simple/t_3_slbi.asm SUCCESS CPI:5.1 CYCLES:169 ICOUNT:33 IHITRATE: 0 DHITRATE: 0
/u/s/i/sinclair/courses/cs552/spring2020/handouts/testprograms/public/rand_simple/t_3_sle.asm SUCCESS CPI:5.1 CYCLES:169 ICOUNT:33 IHITRATE: 0 DHITRATE: 0
/u/s/i/sinclair/courses/cs552/spring2020/handouts/testprograms/public/rand_simple/t_3_sll.asm SUCCESS CPI:5.1 CYCLES:169 ICOUNT:33 IHITRATE: 0 DHITRATE: 0
/u/s/i/sinclair/courses/cs552/spring2020/handouts/testprograms/public/rand_simple/t_3_slli.asm SUCCESS CPI:5.1 CYCLES:169 ICOUNT:33 IHITRATE: 0 DHITRATE: 0
/u/s/i/sinclair/courses/cs552/spring2020/handouts/testprograms/public/rand_simple/t_3_slt.asm SUCCESS CPI:5.1 CYCLES:169 ICOUNT:33 IHITRATE: 0 DHITRATE: 0
/u/s/i/sinclair/courses/cs552/spring2020/handouts/testprograms/public/rand_simple/t_3_srl.asm SUCCESS CPI:5.1 CYCLES:169 ICOUNT:33 IHITRATE: 0 DHITRATE: 0
/u/s/i/sinclair/courses/cs552/spring2020/handouts/testprograms/public/rand_simple/t_3_srli.asm SUCCESS CPI:5.1 CYCLES:169 ICOUNT:33 IHITRATE: 0 DHITRATE: 0
/u/s/i/sinclair/courses/cs552/spring2020/handouts/testprograms/public/rand_simple/t_3_st.asm SUCCESS CPI:7.0 CYCLES:341 ICOUNT:49 IHITRATE: 0 DHITRATE: 0
/u/s/i/sinclair/courses/cs552/spring2020/handouts/testprograms/public/rand_simple/t_3_stu.asm SUCCESS CPI:5.5 CYCLES:359 ICOUNT:65 IHITRATE: 0 DHITRATE: 0
/u/s/i/sinclair/courses/cs552/spring2020/handouts/testprograms/public/rand_simple/t_3_sub.asm SUCCESS CPI:5.1 CYCLES:169 ICOUNT:33 IHITRATE: 0 DHITRATE: 0
/u/s/i/sinclair/courses/cs552/spring2020/handouts/testprograms/public/rand_simple/t_3_subi.asm SUCCESS CPI:5.1 CYCLES:169 ICOUNT:33 IHITRATE: 0 DHITRATE: 0
/u/s/i/sinclair/courses/cs552/spring2020/handouts/testprograms/public/rand_simple/t_3_xor.asm SUCCESS CPI:5.1 CYCLES:169 ICOUNT:33 IHITRATE: 0 DHITRATE: 0
/u/s/i/sinclair/courses/cs552/spring2020/handouts/testprograms/public/rand_simple/t_3_xori.asm SUCCESS CPI:5.1 CYCLES:169 ICOUNT:33 IHITRATE: 0 DHITRATE: 0
/u/s/i/sinclair/courses/cs552/spring2020/handouts/testprograms/public/rand_simple/t_4_add.asm SUCCESS CPI:5.1 CYCLES:169 ICOUNT:33 IHITRATE: 0 DHITRATE: 0
/u/s/i/sinclair/courses/cs552/spring2020/handouts/testprograms/public/rand_simple/t_4_addi.asm SUCCESS CPI:5.1 CYCLES:169 ICOUNT:33 IHITRATE: 0 DHITRATE: 0
/u/s/i/sinclair/courses/cs552/spring2020/handouts/testprograms/public/rand_simple/t_4_andn.asm SUCCESS CPI:5.1 CYCLES:169 ICOUNT:33 IHITRATE: 0 DHITRATE: 0
/u/s/i/sinclair/courses/cs552/spring2020/handouts/testprograms/public/rand_simple/t_4_andni.asm SUCCESS CPI:5.1 CYCLES:169 ICOUNT:33 IHITRATE: 0 DHITRATE: 0
/u/s/i/sinclair/courses/cs552/spring2020/handouts/testprograms/public/rand_simple/t_4_beqz.asm SUCCESS CPI:74.8 CYCLES:1422 ICOUNT:19 IHITRATE: 0 DHITRATE: 0
/u/s/i/sinclair/courses/cs552/spring2020/handouts/testprograms/public/rand_simple/t_4_bgez.asm SUCCESS CPI:61.9 CYCLES:1177 ICOUNT:19 IHITRATE: 0 DHITRATE: 0
/u/s/i/sinclair/courses/cs552/spring2020/handouts/testprograms/public/rand_simple/t_4_bltz.asm SUCCESS CPI:69.5 CYCLES:1321 ICOUNT:19 IHITRATE: 0 DHITRATE: 0
/u/s/i/sinclair/courses/cs552/spring2020/handouts/testprograms/public/rand_simple/t_4_bnez.asm SUCCESS CPI:63.4 CYCLES:1206 ICOUNT:19 IHITRATE: 0 DHITRATE: 0
/u/s/i/sinclair/courses/cs552/spring2020/handouts/testprograms/public/rand_simple/t_4_btr.asm SUCCESS CPI:7.4 CYCLES:245 ICOUNT:33 IHITRATE: 0 DHITRATE: 0
/u/s/i/sinclair/courses/cs552/spring2020/handouts/testprograms/public/rand_simple/t_4_j.asm SUCCESS CPI:243.6 CYCLES:246 ICOUNT:1 IHITRATE: 0 DHITRATE: 0
/u/s/i/sinclair/courses/cs552/spring2020/handouts/testprograms/public/rand_simple/t_4_jal.asm SUCCESS CPI:14.5 CYCLES:246 ICOUNT:17 IHITRATE: 0 DHITRATE: 0
/u/s/i/sinclair/courses/cs552/spring2020/handouts/testprograms/public/rand_simple/t_4_jalr.asm SUCCESS CPI:11.4 CYCLES:743 ICOUNT:65 IHITRATE: 0 DHITRATE: 0
/u/s/i/sinclair/courses/cs552/spring2020/handouts/testprograms/public/rand_simple/t_4_jr.asm SUCCESS CPI:11.2 CYCLES:729 ICOUNT:65 IHITRATE: 0 DHITRATE: 0
/u/s/i/sinclair/courses/cs552/spring2020/handouts/testprograms/public/rand_simple/t_4_lbi.asm SUCCESS CPI:5.1 CYCLES:169 ICOUNT:33 IHITRATE: 0 DHITRATE: 0
/u/s/i/sinclair/courses/cs552/spring2020/handouts/testprograms/public/rand_simple/t_4_ld.asm SUCCESS CPI:6.4 CYCLES:314 ICOUNT:49 IHITRATE: 0 DHITRATE: 0
/u/s/i/sinclair/courses/cs552/spring2020/handouts/testprograms/public/rand_simple/t_4_rol.asm SUCCESS CPI:5.1 CYCLES:169 ICOUNT:33 IHITRATE: 0 DHITRATE: 0
/u/s/i/sinclair/courses/cs552/spring2020/handouts/testprograms/public/rand_simple/t_4_roli.asm SUCCESS CPI:5.1 CYCLES:169 ICOUNT:33 IHITRATE: 0 DHITRATE: 0
/u/s/i/sinclair/courses/cs552/spring2020/handouts/testprograms/public/rand_simple/t_4_ror.asm SUCCESS CPI:5.1 CYCLES:169 ICOUNT:33 IHITRATE: 0 DHITRATE: 0
/u/s/i/sinclair/courses/cs552/spring2020/handouts/testprograms/public/rand_simple/t_4_rori.asm SUCCESS CPI:5.1 CYCLES:169 ICOUNT:33 IHITRATE: 0 DHITRATE: 0
/u/s/i/sinclair/courses/cs552/spring2020/handouts/testprograms/public/rand_simple/t_4_sco.asm SUCCESS CPI:5.1 CYCLES:169 ICOUNT:33 IHITRATE: 0 DHITRATE: 0
/u/s/i/sinclair/courses/cs552/spring2020/handouts/testprograms/public/rand_simple/t_4_seq.asm SUCCESS CPI:5.1 CYCLES:169 ICOUNT:33 IHITRATE: 0 DHITRATE: 0
/u/s/i/sinclair/courses/cs552/spring2020/handouts/testprograms/public/rand_simple/t_4_slbi.asm SUCCESS CPI:5.1 CYCLES:169 ICOUNT:33 IHITRATE: 0 DHITRATE: 0
/u/s/i/sinclair/courses/cs552/spring2020/handouts/testprograms/public/rand_simple/t_4_sle.asm SUCCESS CPI:5.1 CYCLES:169 ICOUNT:33 IHITRATE: 0 DHITRATE: 0
/u/s/i/sinclair/courses/cs552/spring2020/handouts/testprograms/public/rand_simple/t_4_sll.asm SUCCESS CPI:5.1 CYCLES:169 ICOUNT:33 IHITRATE: 0 DHITRATE: 0
/u/s/i/sinclair/courses/cs552/spring2020/handouts/testprograms/public/rand_simple/t_4_slli.asm SUCCESS CPI:5.1 CYCLES:169 ICOUNT:33 IHITRATE: 0 DHITRATE: 0
/u/s/i/sinclair/courses/cs552/spring2020/handouts/testprograms/public/rand_simple/t_4_slt.asm SUCCESS CPI:5.1 CYCLES:169 ICOUNT:33 IHITRATE: 0 DHITRATE: 0
/u/s/i/sinclair/courses/cs552/spring2020/handouts/testprograms/public/rand_simple/t_4_srl.asm SUCCESS CPI:5.1 CYCLES:169 ICOUNT:33 IHITRATE: 0 DHITRATE: 0
/u/s/i/sinclair/courses/cs552/spring2020/handouts/testprograms/public/rand_simple/t_4_srli.asm SUCCESS CPI:5.1 CYCLES:169 ICOUNT:33 IHITRATE: 0 DHITRATE: 0
/u/s/i/sinclair/courses/cs552/spring2020/handouts/testprograms/public/rand_simple/t_4_st.asm SUCCESS CPI:6.8 CYCLES:332 ICOUNT:49 IHITRATE: 0 DHITRATE: 0
/u/s/i/sinclair/courses/cs552/spring2020/handouts/testprograms/public/rand_simple/t_4_stu.asm SUCCESS CPI:5.4 CYCLES:350 ICOUNT:65 IHITRATE: 0 DHITRATE: 0
/u/s/i/sinclair/courses/cs552/spring2020/handouts/testprograms/public/rand_simple/t_4_sub.asm SUCCESS CPI:5.1 CYCLES:169 ICOUNT:33 IHITRATE: 0 DHITRATE: 0
/u/s/i/sinclair/courses/cs552/spring2020/handouts/testprograms/public/rand_simple/t_4_subi.asm SUCCESS CPI:5.1 CYCLES:169 ICOUNT:33 IHITRATE: 0 DHITRATE: 0
/u/s/i/sinclair/courses/cs552/spring2020/handouts/testprograms/public/rand_simple/t_4_xor.asm SUCCESS CPI:5.1 CYCLES:169 ICOUNT:33 IHITRATE: 0 DHITRATE: 0
/u/s/i/sinclair/courses/cs552/spring2020/handouts/testprograms/public/rand_simple/t_4_xori.asm SUCCESS CPI:5.1 CYCLES:169 ICOUNT:33 IHITRATE: 0 DHITRATE: 0
