SIMLOG:: Cycle           4 PC: 00000000 I: 00000000 R: 0   0 00000000 M: 0 0 00000000 00000000
SIMLOG:: Cycle           5 PC: 00000002 I: 0000c219 R: 0   0 00000000 M: 0 0 00000000 00000000
SIMLOG:: Cycle           6 PC: 00000004 I: 0000c30f R: 0   0 00000000 M: 0 0 00000000 00000000
SIMLOG:: Cycle           7 PC: 00000006 I: 00000800 R: 0   0 00000000 M: 0 0 00000019 00000000
SIMLOG:: Cycle           8 PC: 00000008 I: 00000800 R: 1   2 00000019 M: 0 0 0000000f 00000000
SIMLOG:: Cycle           9 PC: 0000000a I: 00000800 R: 1   3 0000000f M: 0 0 00000000 00000000
SIMLOG:: Cycle          10 PC: 0000000c I: 0000da71 R: 0   0 00000000 M: 0 0 00000000 00000000
SIMLOG:: Cycle          11 PC: 0000000e I: 00000800 R: 0   0 00000000 M: 0 0 00000000 00000000
SIMLOG:: Cycle          12 PC: 00000010 I: 00000800 R: 0   0 00000000 M: 0 0 0000fff6 0000000f
SIMLOG:: Cycle          13 PC: 00000012 I: 00000800 R: 1   4 0000fff6 M: 0 0 00000000 00000000
SIMLOG:: Cycle          14 PC: 00000014 I: 00007404 R: 0   0 00000000 M: 0 0 00000000 00000000
SIMLOG:: Cycle          15 PC: 00000016 I: 00000800 R: 0   0 00000000 M: 0 0 00000000 00000000
SIMLOG:: Cycle          16 PC: 0000001a I: 00000000 R: 0   0 00000000 M: 0 0 0000fff6 00000000
SIMLOG:: Cycle          17 PC: 0000001c I: 00000800 R: 0   1 0000fff6 M: 0 0 00000000 00000000
SIMLOG:: Cycle          18 PC: 0000001c I: 00000000 R: 0   0 00000000 M: 0 0 00000000 00000000
SIMLOG:: Cycle          19 PC: 0000001e I: 00000800 R: 0   0 00000000 M: 0 0 00000000 00000000
SIMLOG:: Processor halted

SIMLOG:: sim_cycles          19

SIMLOG:: inst_count           4

SIMLOG:: dcachehit_count           0

SIMLOG:: icachehit_count           0

SIMLOG:: dcachereq_count           0

SIMLOG:: icachereq_count           0

